Date 2023-05-04 - 18:47
Function : Send DMX frameskip !
----------------------------------------------------------------------
Date 2023-05-04 - 19:05
Function : Send DMX frameskip !
----------------------------------------------------------------------
Date 2023-05-04 - 19:11
Function : Send DMX frameskip !
----------------------------------------------------------------------
Date 2023-05-04 - 20:48
Function : Engine thread TIMEOUT ! : Live
----------------------------------------------------------------------
Date 2023-05-04 - 20:48
Function : Send DMX frameskip !
----------------------------------------------------------------------
Date 2023-05-04 - 22:20
Function : Send DMX frameskip !
----------------------------------------------------------------------
Date 2023-05-04 - 22:32
Function : Send DMX frameskip !
----------------------------------------------------------------------
Date 2023-05-04 - 22:33
Function : Send DMX frameskip !
----------------------------------------------------------------------
Date 2023-05-04 - 22:34
Function : Send DMX frameskip !
----------------------------------------------------------------------
Date 2023-05-04 - 22:35
Function : Send DMX frameskip !
----------------------------------------------------------------------
Date 2023-05-04 - 22:36
Function : Send DMX frameskip !
----------------------------------------------------------------------
Date 2023-05-04 - 22:37
Function : Send DMX frameskip !
----------------------------------------------------------------------
Date 2023-05-04 - 22:39
Function : Send DMX frameskip !
----------------------------------------------------------------------
Date 2023-05-04 - 22:53
Function : Send DMX frameskip !
----------------------------------------------------------------------
Date 2023-05-04 - 22:55
Function : Engine thread TIMEOUT ! : Generator
----------------------------------------------------------------------
Date 2023-05-04 - 23:22
Function : Engine thread TIMEOUT ! : Generator
----------------------------------------------------------------------
Date 2023-05-04 - 23:35
Function : Engine thread TIMEOUT ! : Generator
----------------------------------------------------------------------
Date 2023-05-05 - 00:04
Function : Engine thread TIMEOUT ! : Generator
----------------------------------------------------------------------
Date 2023-05-05 - 00:05
Function : Engine thread TIMEOUT ! : Generator
----------------------------------------------------------------------
Date 2023-05-05 - 00:06
Function : Engine thread TIMEOUT ! : Generator
----------------------------------------------------------------------
Date 2023-05-05 - 00:18
Function : Engine thread TIMEOUT ! : Generator
----------------------------------------------------------------------
Date 2023-05-05 - 00:32
Function : Engine thread TIMEOUT ! : Generator
----------------------------------------------------------------------
Date 2023-05-05 - 01:45
Function : Engine thread TIMEOUT ! : Generator
----------------------------------------------------------------------
Date 2023-05-05 - 02:39
Function : Engine thread TIMEOUT ! : Generator
----------------------------------------------------------------------
Date 2023-05-05 - 02:41
Function : Engine thread TIMEOUT ! : Generator
----------------------------------------------------------------------
Date 2023-05-05 - 03:36
Function : Engine thread TIMEOUT ! : Generator
----------------------------------------------------------------------
Date 2023-05-05 - 04:30
Function : Engine thread TIMEOUT ! : Generator
----------------------------------------------------------------------
Date 2023-05-05 - 05:25
Function : Engine thread TIMEOUT ! : Generator
----------------------------------------------------------------------
Date 2023-05-05 - 05:40
Function : Engine thread TIMEOUT ! : Generator
----------------------------------------------------------------------
Date 2023-05-05 - 05:42
Function : Engine thread TIMEOUT ! : Generator
----------------------------------------------------------------------
Date 2023-05-05 - 06:36
Function : Engine thread TIMEOUT ! : Generator
----------------------------------------------------------------------
Date 2023-05-05 - 07:47
Function : Engine thread TIMEOUT ! : Generator
----------------------------------------------------------------------
Date 2023-05-05 - 08:34
Function : Engine thread TIMEOUT ! : Generator
----------------------------------------------------------------------
Date 2023-05-05 - 09:05
Function : Engine thread TIMEOUT ! : Generator
----------------------------------------------------------------------
Date 2023-05-05 - 09:09
Function : Engine thread TIMEOUT ! : Generator
----------------------------------------------------------------------
Date 2023-05-05 - 09:11
Function : Engine thread TIMEOUT ! : Generator
----------------------------------------------------------------------
Date 2023-05-05 - 10:06
Function : Engine thread TIMEOUT ! : Generator
----------------------------------------------------------------------
Date 2023-05-05 - 11:00
Function : Engine thread TIMEOUT ! : Generator
----------------------------------------------------------------------
Date 2023-05-05 - 11:54
Function : Engine thread TIMEOUT ! : Generator
----------------------------------------------------------------------
Date 2023-05-05 - 12:40
Function : Engine thread TIMEOUT ! : Generator
----------------------------------------------------------------------
Date 2023-05-05 - 12:42
Function : Engine thread TIMEOUT ! : Generator
----------------------------------------------------------------------
Date 2023-05-05 - 12:45
Function : Engine thread TIMEOUT ! : Generator
----------------------------------------------------------------------
Date 2023-05-05 - 12:52
Function : Engine thread TIMEOUT ! : Generator
----------------------------------------------------------------------
Date 2023-06-13 - 23:40
Function : Send DMX frameskip !
----------------------------------------------------------------------
