Date 2022-04-01 - 16:10
Function : Send DMX frameskip !
----------------------------------------------------------------------
Date 2022-04-01 - 17:27
Function : Send DMX frameskip !
----------------------------------------------------------------------
Date 2022-04-01 - 17:28
Function : Send DMX frameskip !
----------------------------------------------------------------------
Date 2022-04-02 - 21:28
Function : Send DMX frameskip !
----------------------------------------------------------------------
Date 2022-04-02 - 21:29
Function : Send DMX frameskip !
----------------------------------------------------------------------
Date 2022-04-02 - 22:24
Function : Send DMX frameskip !
----------------------------------------------------------------------
Date 2022-04-20 - 05:09
Function : Send DMX frameskip !
----------------------------------------------------------------------
Date 2022-04-21 - 04:14
Function : Send DMX frameskip !
----------------------------------------------------------------------
Date 2022-05-05 - 16:22
Function : Send DMX frameskip !
----------------------------------------------------------------------
Date 2022-05-05 - 22:12
Function : Send DMX frameskip !
----------------------------------------------------------------------
Date 2022-05-05 - 22:51
Function : Send DMX frameskip !
----------------------------------------------------------------------
Date 2022-06-21 - 15:40
Function : Engine thread TIMEOUT ! : Generator
----------------------------------------------------------------------
Date 2022-06-21 - 15:41
Function : Engine thread TIMEOUT ! : Generator
----------------------------------------------------------------------
Date 2022-06-21 - 15:42
Function : Engine thread TIMEOUT ! : Generator
----------------------------------------------------------------------
Date 2022-06-21 - 15:43
Function : Engine thread TIMEOUT ! : Generator
----------------------------------------------------------------------
Date 2022-06-21 - 15:44
Function : Engine thread TIMEOUT ! : Generator
----------------------------------------------------------------------
Date 2022-06-21 - 15:45
Function : Engine thread TIMEOUT ! : Generator
----------------------------------------------------------------------
Date 2022-06-21 - 15:46
Function : Engine thread TIMEOUT ! : Generator
----------------------------------------------------------------------
Date 2022-06-21 - 15:47
Function : Engine thread TIMEOUT ! : Generator
----------------------------------------------------------------------
Date 2022-06-21 - 15:48
Function : Engine thread TIMEOUT ! : Generator
----------------------------------------------------------------------
Date 2022-06-21 - 15:49
Function : Engine thread TIMEOUT ! : Generator
----------------------------------------------------------------------
Date 2022-06-21 - 15:50
Function : Engine thread TIMEOUT ! : Generator
----------------------------------------------------------------------
Date 2022-06-21 - 15:51
Function : Engine thread TIMEOUT ! : Generator
----------------------------------------------------------------------
Date 2022-06-21 - 15:52
Function : Engine thread TIMEOUT ! : Generator
----------------------------------------------------------------------
Date 2022-06-21 - 15:53
Function : Engine thread TIMEOUT ! : Generator
----------------------------------------------------------------------
Date 2022-06-21 - 15:54
Function : Engine thread TIMEOUT ! : Generator
----------------------------------------------------------------------
Date 2022-06-21 - 15:55
Function : Engine thread TIMEOUT ! : Generator
----------------------------------------------------------------------
Date 2022-06-21 - 15:56
Function : Engine thread TIMEOUT ! : Generator
----------------------------------------------------------------------
Date 2022-06-21 - 15:57
Function : Engine thread TIMEOUT ! : Generator
----------------------------------------------------------------------
Date 2022-06-21 - 15:58
Function : Engine thread TIMEOUT ! : Generator
----------------------------------------------------------------------
Date 2022-06-21 - 15:59
Function : Engine thread TIMEOUT ! : Generator
----------------------------------------------------------------------
Date 2022-06-21 - 16:00
Function : Engine thread TIMEOUT ! : Generator
----------------------------------------------------------------------
Date 2022-06-21 - 16:01
Function : Engine thread TIMEOUT ! : Generator
----------------------------------------------------------------------
Date 2022-06-21 - 16:02
Function : Engine thread TIMEOUT ! : Generator
----------------------------------------------------------------------
Date 2022-06-21 - 16:03
Function : Engine thread TIMEOUT ! : Generator
----------------------------------------------------------------------
Date 2022-06-21 - 16:04
Function : Engine thread TIMEOUT ! : Generator
----------------------------------------------------------------------
Date 2022-06-21 - 16:05
Function : Engine thread TIMEOUT ! : Generator
----------------------------------------------------------------------
Date 2022-06-21 - 16:06
Function : Engine thread TIMEOUT ! : Generator
----------------------------------------------------------------------
Date 2022-06-21 - 16:07
Function : Engine thread TIMEOUT ! : Generator
----------------------------------------------------------------------
Date 2022-06-21 - 16:08
Function : Engine thread TIMEOUT ! : Generator
----------------------------------------------------------------------
Date 2022-06-29 - 04:47
Function : Send DMX frameskip !
----------------------------------------------------------------------
Date 2022-06-29 - 20:58
Function : Send DMX frameskip !
----------------------------------------------------------------------
Date 2022-06-30 - 16:51
Function : Send DMX frameskip !
----------------------------------------------------------------------
Date 2022-06-30 - 16:52
Function : Send DMX frameskip !
----------------------------------------------------------------------
Date 2022-06-30 - 16:53
Function : Send DMX frameskip !
----------------------------------------------------------------------
Date 2022-06-30 - 16:54
Function : Send DMX frameskip !
----------------------------------------------------------------------
Date 2022-06-30 - 16:55
Function : Send DMX frameskip !
----------------------------------------------------------------------
Date 2022-06-30 - 16:56
Function : Send DMX frameskip !
----------------------------------------------------------------------
Date 2022-06-30 - 16:57
Function : Send DMX frameskip !
----------------------------------------------------------------------
Date 2022-06-30 - 17:48
Function : Send DMX frameskip !
----------------------------------------------------------------------
Date 2022-06-30 - 17:49
Function : Send DMX frameskip !
----------------------------------------------------------------------
Date 2022-06-30 - 17:50
Function : Send DMX frameskip !
----------------------------------------------------------------------
Date 2022-06-30 - 17:51
Function : Send DMX frameskip !
----------------------------------------------------------------------
Date 2022-06-30 - 17:52
Function : Send DMX frameskip !
----------------------------------------------------------------------
Date 2022-06-30 - 17:53
Function : Send DMX frameskip !
----------------------------------------------------------------------
Date 2022-06-30 - 17:54
Function : Send DMX frameskip !
----------------------------------------------------------------------
Date 2022-06-30 - 17:55
Function : Send DMX frameskip !
----------------------------------------------------------------------
Date 2022-06-30 - 17:56
Function : Send DMX frameskip !
----------------------------------------------------------------------
Date 2022-06-30 - 17:57
Function : Send DMX frameskip !
----------------------------------------------------------------------
Date 2022-06-30 - 17:58
Function : Send DMX frameskip !
----------------------------------------------------------------------
Date 2022-06-30 - 17:59
Function : Send DMX frameskip !
----------------------------------------------------------------------
Date 2022-06-30 - 18:00
Function : Send DMX frameskip !
----------------------------------------------------------------------
Date 2022-06-30 - 18:01
Function : Send DMX frameskip !
----------------------------------------------------------------------
Date 2022-06-30 - 18:02
Function : Send DMX frameskip !
----------------------------------------------------------------------
Date 2022-06-30 - 18:03
Function : Send DMX frameskip !
----------------------------------------------------------------------
Date 2022-06-30 - 18:04
Function : Send DMX frameskip !
----------------------------------------------------------------------
Date 2022-06-30 - 18:05
Function : Send DMX frameskip !
----------------------------------------------------------------------
Date 2022-06-30 - 18:06
Function : Send DMX frameskip !
----------------------------------------------------------------------
Date 2022-06-30 - 18:07
Function : Send DMX frameskip !
----------------------------------------------------------------------
Date 2022-06-30 - 18:08
Function : Send DMX frameskip !
----------------------------------------------------------------------
Date 2022-06-30 - 18:09
Function : Send DMX frameskip !
----------------------------------------------------------------------
Date 2022-06-30 - 18:10
Function : Send DMX frameskip !
----------------------------------------------------------------------
Date 2022-06-30 - 18:11
Function : Send DMX frameskip !
----------------------------------------------------------------------
Date 2022-06-30 - 18:12
Function : Send DMX frameskip !
----------------------------------------------------------------------
Date 2022-06-30 - 18:13
Function : Send DMX frameskip !
----------------------------------------------------------------------
Date 2022-06-30 - 18:14
Function : Send DMX frameskip !
----------------------------------------------------------------------
Date 2022-06-30 - 18:15
Function : Send DMX frameskip !
----------------------------------------------------------------------
Date 2022-06-30 - 18:16
Function : Send DMX frameskip !
----------------------------------------------------------------------
Date 2022-06-30 - 18:17
Function : Send DMX frameskip !
----------------------------------------------------------------------
Date 2022-06-30 - 18:18
Function : Send DMX frameskip !
----------------------------------------------------------------------
Date 2022-06-30 - 18:19
Function : Send DMX frameskip !
----------------------------------------------------------------------
Date 2022-06-30 - 18:20
Function : Send DMX frameskip !
----------------------------------------------------------------------
Date 2022-06-30 - 18:21
Function : Send DMX frameskip !
----------------------------------------------------------------------
Date 2022-06-30 - 18:22
Function : Send DMX frameskip !
----------------------------------------------------------------------
Date 2022-06-30 - 18:23
Function : Send DMX frameskip !
----------------------------------------------------------------------
Date 2022-06-30 - 18:24
Function : Send DMX frameskip !
----------------------------------------------------------------------
Date 2022-06-30 - 18:25
Function : Send DMX frameskip !
----------------------------------------------------------------------
Date 2022-06-30 - 18:26
Function : Send DMX frameskip !
----------------------------------------------------------------------
Date 2022-06-30 - 18:27
Function : Send DMX frameskip !
----------------------------------------------------------------------
Date 2022-06-30 - 18:28
Function : Send DMX frameskip !
----------------------------------------------------------------------
Date 2022-06-30 - 18:29
Function : Send DMX frameskip !
----------------------------------------------------------------------
Date 2022-06-30 - 18:30
Function : Send DMX frameskip !
----------------------------------------------------------------------
Date 2022-06-30 - 18:31
Function : Send DMX frameskip !
----------------------------------------------------------------------
Date 2022-06-30 - 18:32
Function : Send DMX frameskip !
----------------------------------------------------------------------
Date 2022-06-30 - 18:33
Function : Send DMX frameskip !
----------------------------------------------------------------------
Date 2022-06-30 - 18:34
Function : Send DMX frameskip !
----------------------------------------------------------------------
Date 2022-06-30 - 18:35
Function : Send DMX frameskip !
----------------------------------------------------------------------
Date 2022-06-30 - 18:36
Function : Send DMX frameskip !
----------------------------------------------------------------------
Date 2022-06-30 - 18:37
Function : Send DMX frameskip !
----------------------------------------------------------------------
Date 2022-06-30 - 18:38
Function : Send DMX frameskip !
----------------------------------------------------------------------
Date 2022-06-30 - 18:39
Function : Send DMX frameskip !
----------------------------------------------------------------------
Date 2022-06-30 - 18:40
Function : Send DMX frameskip !
----------------------------------------------------------------------
Date 2022-06-30 - 18:41
Function : Send DMX frameskip !
----------------------------------------------------------------------
Date 2022-06-30 - 18:42
Function : Send DMX frameskip !
----------------------------------------------------------------------
Date 2022-06-30 - 18:43
Function : Send DMX frameskip !
----------------------------------------------------------------------
Date 2022-06-30 - 18:44
Function : Send DMX frameskip !
----------------------------------------------------------------------
Date 2022-06-30 - 18:45
Function : Send DMX frameskip !
----------------------------------------------------------------------
Date 2022-06-30 - 18:46
Function : Send DMX frameskip !
----------------------------------------------------------------------
Date 2022-06-30 - 18:47
Function : Send DMX frameskip !
----------------------------------------------------------------------
Date 2022-06-30 - 18:48
Function : Send DMX frameskip !
----------------------------------------------------------------------
Date 2022-06-30 - 18:49
Function : Send DMX frameskip !
----------------------------------------------------------------------
Date 2022-06-30 - 18:50
Function : Send DMX frameskip !
----------------------------------------------------------------------
Date 2022-06-30 - 18:51
Function : Send DMX frameskip !
----------------------------------------------------------------------
Date 2022-06-30 - 18:52
Function : Send DMX frameskip !
----------------------------------------------------------------------
Date 2022-06-30 - 18:53
Function : Send DMX frameskip !
----------------------------------------------------------------------
Date 2022-06-30 - 18:54
Function : Send DMX frameskip !
----------------------------------------------------------------------
Date 2022-06-30 - 18:55
Function : Send DMX frameskip !
----------------------------------------------------------------------
Date 2022-06-30 - 18:56
Function : Send DMX frameskip !
----------------------------------------------------------------------
Date 2022-06-30 - 18:57
Function : Send DMX frameskip !
----------------------------------------------------------------------
Date 2022-06-30 - 18:58
Function : Send DMX frameskip !
----------------------------------------------------------------------
Date 2022-06-30 - 18:59
Function : Send DMX frameskip !
----------------------------------------------------------------------
Date 2022-06-30 - 19:00
Function : Send DMX frameskip !
----------------------------------------------------------------------
Date 2022-06-30 - 19:01
Function : Send DMX frameskip !
----------------------------------------------------------------------
Date 2022-06-30 - 19:02
Function : Send DMX frameskip !
----------------------------------------------------------------------
Date 2022-06-30 - 19:03
Function : Send DMX frameskip !
----------------------------------------------------------------------
Date 2022-06-30 - 19:04
Function : Send DMX frameskip !
----------------------------------------------------------------------
Date 2022-06-30 - 19:05
Function : Send DMX frameskip !
----------------------------------------------------------------------
Date 2022-06-30 - 19:06
Function : Send DMX frameskip !
----------------------------------------------------------------------
Date 2022-06-30 - 19:07
Function : Send DMX frameskip !
----------------------------------------------------------------------
Date 2022-06-30 - 19:08
Function : Send DMX frameskip !
----------------------------------------------------------------------
Date 2022-06-30 - 19:09
Function : Send DMX frameskip !
----------------------------------------------------------------------
Date 2022-06-30 - 19:10
Function : Send DMX frameskip !
----------------------------------------------------------------------
Date 2022-06-30 - 19:11
Function : Send DMX frameskip !
----------------------------------------------------------------------
Date 2022-06-30 - 19:12
Function : Send DMX frameskip !
----------------------------------------------------------------------
Date 2022-06-30 - 19:13
Function : Send DMX frameskip !
----------------------------------------------------------------------
Date 2022-06-30 - 19:14
Function : Send DMX frameskip !
----------------------------------------------------------------------
Date 2022-06-30 - 19:15
Function : Send DMX frameskip !
----------------------------------------------------------------------
Date 2022-06-30 - 19:16
Function : Send DMX frameskip !
----------------------------------------------------------------------
Date 2022-06-30 - 19:17
Function : Send DMX frameskip !
----------------------------------------------------------------------
Date 2022-06-30 - 19:18
Function : Send DMX frameskip !
----------------------------------------------------------------------
Date 2022-06-30 - 19:19
Function : Send DMX frameskip !
----------------------------------------------------------------------
Date 2022-06-30 - 19:20
Function : Send DMX frameskip !
----------------------------------------------------------------------
Date 2022-06-30 - 19:21
Function : Send DMX frameskip !
----------------------------------------------------------------------
Date 2022-06-30 - 19:22
Function : Send DMX frameskip !
----------------------------------------------------------------------
Date 2022-06-30 - 19:23
Function : Send DMX frameskip !
----------------------------------------------------------------------
Date 2022-06-30 - 19:24
Function : Send DMX frameskip !
----------------------------------------------------------------------
Date 2022-06-30 - 19:25
Function : Send DMX frameskip !
----------------------------------------------------------------------
Date 2022-06-30 - 19:26
Function : Send DMX frameskip !
----------------------------------------------------------------------
Date 2022-06-30 - 19:27
Function : Send DMX frameskip !
----------------------------------------------------------------------
Date 2022-06-30 - 19:28
Function : Send DMX frameskip !
----------------------------------------------------------------------
Date 2022-06-30 - 19:29
Function : Send DMX frameskip !
----------------------------------------------------------------------
Date 2022-06-30 - 19:30
Function : Send DMX frameskip !
----------------------------------------------------------------------
Date 2022-06-30 - 19:31
Function : Send DMX frameskip !
----------------------------------------------------------------------
Date 2022-06-30 - 19:32
Function : Send DMX frameskip !
----------------------------------------------------------------------
Date 2022-06-30 - 19:33
Function : Send DMX frameskip !
----------------------------------------------------------------------
Date 2022-06-30 - 19:34
Function : Send DMX frameskip !
----------------------------------------------------------------------
Date 2022-06-30 - 19:35
Function : Send DMX frameskip !
----------------------------------------------------------------------
Date 2022-06-30 - 19:36
Function : Send DMX frameskip !
----------------------------------------------------------------------
Date 2022-06-30 - 19:37
Function : Send DMX frameskip !
----------------------------------------------------------------------
Date 2022-06-30 - 19:38
Function : Send DMX frameskip !
----------------------------------------------------------------------
Date 2022-06-30 - 19:39
Function : Send DMX frameskip !
----------------------------------------------------------------------
Date 2022-06-30 - 19:40
Function : Send DMX frameskip !
----------------------------------------------------------------------
Date 2022-06-30 - 19:41
Function : Send DMX frameskip !
----------------------------------------------------------------------
Date 2022-06-30 - 19:42
Function : Send DMX frameskip !
----------------------------------------------------------------------
Date 2022-07-01 - 10:32
Function : Send DMX frameskip !
----------------------------------------------------------------------
Date 2022-07-01 - 11:38
Function : Send DMX frameskip !
----------------------------------------------------------------------
Date 2022-07-01 - 11:39
Function : Send DMX frameskip !
----------------------------------------------------------------------
Date 2022-07-01 - 11:40
Function : Send DMX frameskip !
----------------------------------------------------------------------
Date 2022-07-01 - 11:41
Function : Send DMX frameskip !
----------------------------------------------------------------------
Date 2022-07-01 - 11:42
Function : Send DMX frameskip !
----------------------------------------------------------------------
Date 2022-07-01 - 11:43
Function : Send DMX frameskip !
----------------------------------------------------------------------
Date 2022-07-01 - 11:44
Function : Send DMX frameskip !
----------------------------------------------------------------------
Date 2022-07-01 - 11:45
Function : Send DMX frameskip !
----------------------------------------------------------------------
Date 2022-07-01 - 11:46
Function : Send DMX frameskip !
----------------------------------------------------------------------
Date 2022-07-01 - 11:47
Function : Send DMX frameskip !
----------------------------------------------------------------------
Date 2022-07-01 - 11:48
Function : Send DMX frameskip !
----------------------------------------------------------------------
Date 2022-07-01 - 11:49
Function : Send DMX frameskip !
----------------------------------------------------------------------
Date 2022-07-01 - 11:50
Function : Send DMX frameskip !
----------------------------------------------------------------------
Date 2022-07-01 - 11:51
Function : Send DMX frameskip !
----------------------------------------------------------------------
Date 2022-07-01 - 11:52
Function : Send DMX frameskip !
----------------------------------------------------------------------
Date 2022-07-01 - 11:53
Function : Send DMX frameskip !
----------------------------------------------------------------------
Date 2022-07-01 - 11:54
Function : Send DMX frameskip !
----------------------------------------------------------------------
Date 2022-07-01 - 11:55
Function : Send DMX frameskip !
----------------------------------------------------------------------
Date 2022-07-01 - 11:56
Function : Send DMX frameskip !
----------------------------------------------------------------------
Date 2022-07-01 - 11:57
Function : Send DMX frameskip !
----------------------------------------------------------------------
Date 2022-07-01 - 11:58
Function : Send DMX frameskip !
----------------------------------------------------------------------
Date 2022-07-01 - 11:59
Function : Send DMX frameskip !
----------------------------------------------------------------------
Date 2022-07-01 - 12:00
Function : Send DMX frameskip !
----------------------------------------------------------------------
Date 2022-07-01 - 12:01
Function : Send DMX frameskip !
----------------------------------------------------------------------
Date 2022-07-01 - 12:02
Function : Send DMX frameskip !
----------------------------------------------------------------------
Date 2022-07-01 - 12:03
Function : Send DMX frameskip !
----------------------------------------------------------------------
Date 2022-07-01 - 12:04
Function : Send DMX frameskip !
----------------------------------------------------------------------
Date 2022-07-01 - 12:05
Function : Send DMX frameskip !
----------------------------------------------------------------------
Date 2022-07-01 - 12:06
Function : Send DMX frameskip !
----------------------------------------------------------------------
Date 2022-07-01 - 12:07
Function : Send DMX frameskip !
----------------------------------------------------------------------
Date 2022-07-01 - 12:08
Function : Send DMX frameskip !
----------------------------------------------------------------------
Date 2022-07-01 - 12:09
Function : Send DMX frameskip !
----------------------------------------------------------------------
Date 2022-07-01 - 12:10
Function : Send DMX frameskip !
----------------------------------------------------------------------
Date 2022-07-01 - 12:11
Function : Send DMX frameskip !
----------------------------------------------------------------------
Date 2022-07-01 - 12:12
Function : Send DMX frameskip !
----------------------------------------------------------------------
Date 2022-07-01 - 12:13
Function : Send DMX frameskip !
----------------------------------------------------------------------
Date 2022-07-01 - 12:14
Function : Send DMX frameskip !
----------------------------------------------------------------------
Date 2022-07-01 - 12:15
Function : Send DMX frameskip !
----------------------------------------------------------------------
Date 2022-07-01 - 12:16
Function : Send DMX frameskip !
----------------------------------------------------------------------
Date 2022-07-01 - 12:17
Function : Send DMX frameskip !
----------------------------------------------------------------------
Date 2022-07-01 - 12:18
Function : Send DMX frameskip !
----------------------------------------------------------------------
Date 2022-07-01 - 12:19
Function : Send DMX frameskip !
----------------------------------------------------------------------
Date 2022-07-01 - 12:20
Function : Send DMX frameskip !
----------------------------------------------------------------------
Date 2022-07-01 - 12:21
Function : Send DMX frameskip !
----------------------------------------------------------------------
Date 2022-07-01 - 12:22
Function : Send DMX frameskip !
----------------------------------------------------------------------
Date 2022-07-01 - 12:23
Function : Send DMX frameskip !
----------------------------------------------------------------------
Date 2022-07-01 - 12:24
Function : Send DMX frameskip !
----------------------------------------------------------------------
Date 2022-07-01 - 12:25
Function : Send DMX frameskip !
----------------------------------------------------------------------
Date 2022-07-01 - 12:26
Function : Send DMX frameskip !
----------------------------------------------------------------------
Date 2022-07-01 - 12:27
Function : Send DMX frameskip !
----------------------------------------------------------------------
Date 2022-07-01 - 12:28
Function : Send DMX frameskip !
----------------------------------------------------------------------
Date 2022-07-01 - 12:29
Function : Send DMX frameskip !
----------------------------------------------------------------------
Date 2022-07-01 - 12:30
Function : Send DMX frameskip !
----------------------------------------------------------------------
Date 2022-07-01 - 12:31
Function : Send DMX frameskip !
----------------------------------------------------------------------
Date 2022-07-01 - 12:32
Function : Send DMX frameskip !
----------------------------------------------------------------------
Date 2022-07-01 - 12:33
Function : Send DMX frameskip !
----------------------------------------------------------------------
Date 2022-07-01 - 12:34
Function : Send DMX frameskip !
----------------------------------------------------------------------
Date 2022-07-01 - 12:35
Function : Send DMX frameskip !
----------------------------------------------------------------------
Date 2022-07-01 - 12:36
Function : Send DMX frameskip !
----------------------------------------------------------------------
Date 2022-07-01 - 12:37
Function : Send DMX frameskip !
----------------------------------------------------------------------
Date 2022-07-01 - 12:38
Function : Send DMX frameskip !
----------------------------------------------------------------------
Date 2022-07-01 - 12:39
Function : Send DMX frameskip !
----------------------------------------------------------------------
Date 2022-07-01 - 12:40
Function : Send DMX frameskip !
----------------------------------------------------------------------
Date 2022-07-01 - 12:41
Function : Send DMX frameskip !
----------------------------------------------------------------------
Date 2022-07-01 - 12:42
Function : Send DMX frameskip !
----------------------------------------------------------------------
Date 2022-07-01 - 12:43
Function : Send DMX frameskip !
----------------------------------------------------------------------
Date 2022-07-01 - 12:44
Function : Send DMX frameskip !
----------------------------------------------------------------------
Date 2022-07-01 - 12:45
Function : Send DMX frameskip !
----------------------------------------------------------------------
Date 2022-07-01 - 12:46
Function : Send DMX frameskip !
----------------------------------------------------------------------
Date 2022-07-01 - 12:47
Function : Send DMX frameskip !
----------------------------------------------------------------------
Date 2022-07-01 - 12:48
Function : Send DMX frameskip !
----------------------------------------------------------------------
Date 2022-07-01 - 12:49
Function : Send DMX frameskip !
----------------------------------------------------------------------
Date 2022-07-01 - 12:50
Function : Send DMX frameskip !
----------------------------------------------------------------------
Date 2022-07-01 - 12:51
Function : Send DMX frameskip !
----------------------------------------------------------------------
Date 2022-07-01 - 12:52
Function : Send DMX frameskip !
----------------------------------------------------------------------
Date 2022-07-01 - 12:53
Function : Send DMX frameskip !
----------------------------------------------------------------------
Date 2022-07-01 - 12:54
Function : Send DMX frameskip !
----------------------------------------------------------------------
Date 2022-07-01 - 12:55
Function : Send DMX frameskip !
----------------------------------------------------------------------
Date 2022-07-01 - 12:56
Function : Send DMX frameskip !
----------------------------------------------------------------------
Date 2022-07-01 - 12:57
Function : Send DMX frameskip !
----------------------------------------------------------------------
Date 2022-07-01 - 12:58
Function : Send DMX frameskip !
----------------------------------------------------------------------
Date 2022-07-01 - 12:59
Function : Send DMX frameskip !
----------------------------------------------------------------------
Date 2022-07-01 - 13:00
Function : Send DMX frameskip !
----------------------------------------------------------------------
Date 2022-07-01 - 13:01
Function : Send DMX frameskip !
----------------------------------------------------------------------
Date 2022-07-01 - 13:02
Function : Send DMX frameskip !
----------------------------------------------------------------------
Date 2022-07-01 - 13:03
Function : Send DMX frameskip !
----------------------------------------------------------------------
Date 2022-07-01 - 13:04
Function : Send DMX frameskip !
----------------------------------------------------------------------
Date 2022-07-01 - 13:05
Function : Send DMX frameskip !
----------------------------------------------------------------------
Date 2022-07-01 - 13:06
Function : Send DMX frameskip !
----------------------------------------------------------------------
Date 2022-07-01 - 13:07
Function : Send DMX frameskip !
----------------------------------------------------------------------
Date 2022-07-01 - 13:08
Function : Send DMX frameskip !
----------------------------------------------------------------------
Date 2022-07-01 - 13:09
Function : Send DMX frameskip !
----------------------------------------------------------------------
Date 2022-07-01 - 13:10
Function : Send DMX frameskip !
----------------------------------------------------------------------
Date 2022-07-01 - 13:11
Function : Send DMX frameskip !
----------------------------------------------------------------------
Date 2022-07-01 - 13:12
Function : Send DMX frameskip !
----------------------------------------------------------------------
Date 2022-07-01 - 13:13
Function : Send DMX frameskip !
----------------------------------------------------------------------
Date 2022-07-01 - 13:14
Function : Send DMX frameskip !
----------------------------------------------------------------------
Date 2022-07-01 - 13:15
Function : Send DMX frameskip !
----------------------------------------------------------------------
Date 2022-07-01 - 13:16
Function : Send DMX frameskip !
----------------------------------------------------------------------
Date 2022-07-01 - 13:17
Function : Send DMX frameskip !
----------------------------------------------------------------------
Date 2022-07-01 - 13:18
Function : Send DMX frameskip !
----------------------------------------------------------------------
Date 2022-07-01 - 13:19
Function : Send DMX frameskip !
----------------------------------------------------------------------
Date 2022-07-01 - 13:20
Function : Send DMX frameskip !
----------------------------------------------------------------------
Date 2022-07-01 - 13:21
Function : Send DMX frameskip !
----------------------------------------------------------------------
Date 2022-07-01 - 13:22
Function : Send DMX frameskip !
----------------------------------------------------------------------
Date 2022-07-01 - 13:23
Function : Send DMX frameskip !
----------------------------------------------------------------------
Date 2022-07-01 - 13:24
Function : Send DMX frameskip !
----------------------------------------------------------------------
Date 2022-07-01 - 13:25
Function : Send DMX frameskip !
----------------------------------------------------------------------
Date 2022-07-01 - 13:26
Function : Send DMX frameskip !
----------------------------------------------------------------------
Date 2022-07-01 - 13:27
Function : Send DMX frameskip !
----------------------------------------------------------------------
Date 2022-07-01 - 13:28
Function : Send DMX frameskip !
----------------------------------------------------------------------
Date 2022-07-01 - 13:29
Function : Send DMX frameskip !
----------------------------------------------------------------------
Date 2022-07-01 - 13:30
Function : Send DMX frameskip !
----------------------------------------------------------------------
Date 2022-07-01 - 13:31
Function : Send DMX frameskip !
----------------------------------------------------------------------
Date 2022-07-01 - 13:32
Function : Send DMX frameskip !
----------------------------------------------------------------------
Date 2022-07-01 - 13:33
Function : Send DMX frameskip !
----------------------------------------------------------------------
Date 2022-07-01 - 13:34
Function : Send DMX frameskip !
----------------------------------------------------------------------
Date 2022-07-01 - 13:35
Function : Send DMX frameskip !
----------------------------------------------------------------------
Date 2022-07-01 - 13:36
Function : Send DMX frameskip !
----------------------------------------------------------------------
Date 2022-07-01 - 13:37
Function : Send DMX frameskip !
----------------------------------------------------------------------
Date 2022-07-01 - 13:38
Function : Send DMX frameskip !
----------------------------------------------------------------------
Date 2022-07-01 - 13:39
Function : Send DMX frameskip !
----------------------------------------------------------------------
Date 2022-07-01 - 13:40
Function : Send DMX frameskip !
----------------------------------------------------------------------
Date 2022-07-01 - 13:41
Function : Send DMX frameskip !
----------------------------------------------------------------------
Date 2022-07-01 - 13:42
Function : Send DMX frameskip !
----------------------------------------------------------------------
Date 2022-07-01 - 13:43
Function : Send DMX frameskip !
----------------------------------------------------------------------
Date 2022-07-01 - 13:44
Function : Send DMX frameskip !
----------------------------------------------------------------------
Date 2022-07-01 - 13:45
Function : Send DMX frameskip !
----------------------------------------------------------------------
Date 2022-07-01 - 13:46
Function : Send DMX frameskip !
----------------------------------------------------------------------
Date 2022-07-01 - 13:47
Function : Send DMX frameskip !
----------------------------------------------------------------------
Date 2022-07-01 - 13:48
Function : Send DMX frameskip !
----------------------------------------------------------------------
Date 2022-07-01 - 13:49
Function : Send DMX frameskip !
----------------------------------------------------------------------
Date 2022-07-01 - 13:50
Function : Send DMX frameskip !
----------------------------------------------------------------------
Date 2022-07-01 - 13:51
Function : Send DMX frameskip !
----------------------------------------------------------------------
Date 2022-07-01 - 13:52
Function : Send DMX frameskip !
----------------------------------------------------------------------
Date 2022-07-01 - 13:53
Function : Send DMX frameskip !
----------------------------------------------------------------------
Date 2022-07-01 - 13:54
Function : Send DMX frameskip !
----------------------------------------------------------------------
Date 2022-07-01 - 13:55
Function : Send DMX frameskip !
----------------------------------------------------------------------
Date 2022-07-01 - 13:56
Function : Send DMX frameskip !
----------------------------------------------------------------------
Date 2022-07-01 - 13:57
Function : Send DMX frameskip !
----------------------------------------------------------------------
Date 2022-07-01 - 13:58
Function : Send DMX frameskip !
----------------------------------------------------------------------
Date 2022-07-01 - 13:59
Function : Send DMX frameskip !
----------------------------------------------------------------------
Date 2022-07-01 - 14:00
Function : Send DMX frameskip !
----------------------------------------------------------------------
Date 2022-07-01 - 14:01
Function : Send DMX frameskip !
----------------------------------------------------------------------
Date 2022-07-01 - 14:02
Function : Send DMX frameskip !
----------------------------------------------------------------------
Date 2022-07-01 - 14:03
Function : Send DMX frameskip !
----------------------------------------------------------------------
Date 2022-07-01 - 14:04
Function : Send DMX frameskip !
----------------------------------------------------------------------
Date 2022-07-01 - 14:05
Function : Send DMX frameskip !
----------------------------------------------------------------------
Date 2022-07-01 - 14:06
Function : Send DMX frameskip !
----------------------------------------------------------------------
Date 2022-07-01 - 14:07
Function : Send DMX frameskip !
----------------------------------------------------------------------
Date 2022-07-01 - 14:08
Function : Send DMX frameskip !
----------------------------------------------------------------------
Date 2022-07-01 - 14:09
Function : Send DMX frameskip !
----------------------------------------------------------------------
Date 2022-07-01 - 14:10
Function : Send DMX frameskip !
----------------------------------------------------------------------
Date 2022-07-01 - 14:11
Function : Send DMX frameskip !
----------------------------------------------------------------------
Date 2022-07-01 - 14:12
Function : Send DMX frameskip !
----------------------------------------------------------------------
Date 2022-07-01 - 14:13
Function : Send DMX frameskip !
----------------------------------------------------------------------
Date 2022-07-01 - 14:14
Function : Send DMX frameskip !
----------------------------------------------------------------------
Date 2022-07-01 - 14:15
Function : Send DMX frameskip !
----------------------------------------------------------------------
Date 2022-07-01 - 14:16
Function : Send DMX frameskip !
----------------------------------------------------------------------
Date 2022-07-01 - 14:17
Function : Send DMX frameskip !
----------------------------------------------------------------------
Date 2022-07-01 - 14:18
Function : Send DMX frameskip !
----------------------------------------------------------------------
Date 2022-07-01 - 14:19
Function : Send DMX frameskip !
----------------------------------------------------------------------
Date 2022-07-01 - 14:20
Function : Send DMX frameskip !
----------------------------------------------------------------------
Date 2022-07-01 - 14:21
Function : Send DMX frameskip !
----------------------------------------------------------------------
Date 2022-07-01 - 14:22
Function : Send DMX frameskip !
----------------------------------------------------------------------
Date 2022-07-01 - 14:23
Function : Send DMX frameskip !
----------------------------------------------------------------------
Date 2022-07-01 - 14:24
Function : Send DMX frameskip !
----------------------------------------------------------------------
Date 2022-07-01 - 14:25
Function : Send DMX frameskip !
----------------------------------------------------------------------
Date 2022-07-01 - 14:26
Function : Send DMX frameskip !
----------------------------------------------------------------------
Date 2022-07-01 - 14:27
Function : Send DMX frameskip !
----------------------------------------------------------------------
Date 2022-07-01 - 14:28
Function : Send DMX frameskip !
----------------------------------------------------------------------
Date 2022-07-01 - 14:29
Function : Send DMX frameskip !
----------------------------------------------------------------------
Date 2022-07-01 - 14:30
Function : Send DMX frameskip !
----------------------------------------------------------------------
Date 2022-07-01 - 14:31
Function : Send DMX frameskip !
----------------------------------------------------------------------
Date 2022-07-01 - 14:32
Function : Send DMX frameskip !
----------------------------------------------------------------------
Date 2022-07-01 - 14:33
Function : Send DMX frameskip !
----------------------------------------------------------------------
Date 2022-07-01 - 14:34
Function : Send DMX frameskip !
----------------------------------------------------------------------
Date 2022-07-01 - 14:35
Function : Send DMX frameskip !
----------------------------------------------------------------------
Date 2022-07-01 - 14:36
Function : Send DMX frameskip !
----------------------------------------------------------------------
Date 2022-07-01 - 14:37
Function : Send DMX frameskip !
----------------------------------------------------------------------
Date 2022-07-01 - 14:38
Function : Send DMX frameskip !
----------------------------------------------------------------------
Date 2022-07-01 - 14:39
Function : Send DMX frameskip !
----------------------------------------------------------------------
Date 2022-07-01 - 14:40
Function : Send DMX frameskip !
----------------------------------------------------------------------
Date 2022-07-01 - 14:41
Function : Send DMX frameskip !
----------------------------------------------------------------------
Date 2022-07-01 - 14:42
Function : Send DMX frameskip !
----------------------------------------------------------------------
Date 2022-07-01 - 14:43
Function : Send DMX frameskip !
----------------------------------------------------------------------
Date 2022-07-01 - 14:44
Function : Send DMX frameskip !
----------------------------------------------------------------------
Date 2022-07-01 - 14:45
Function : Send DMX frameskip !
----------------------------------------------------------------------
Date 2022-07-01 - 14:46
Function : Send DMX frameskip !
----------------------------------------------------------------------
Date 2022-07-01 - 14:47
Function : Send DMX frameskip !
----------------------------------------------------------------------
Date 2022-07-03 - 19:52
Function : Send DMX frameskip !
----------------------------------------------------------------------
Date 2022-07-03 - 19:53
Function : Send DMX frameskip !
----------------------------------------------------------------------
Date 2022-07-03 - 19:54
Function : Send DMX frameskip !
----------------------------------------------------------------------
Date 2022-07-03 - 19:55
Function : Send DMX frameskip !
----------------------------------------------------------------------
Date 2022-07-03 - 19:56
Function : Send DMX frameskip !
----------------------------------------------------------------------
Date 2022-07-03 - 19:57
Function : Send DMX frameskip !
----------------------------------------------------------------------
Date 2022-07-03 - 19:58
Function : Send DMX frameskip !
----------------------------------------------------------------------
Date 2022-07-03 - 19:59
Function : Send DMX frameskip !
----------------------------------------------------------------------
Date 2022-07-03 - 20:00
Function : Send DMX frameskip !
----------------------------------------------------------------------
Date 2022-07-03 - 20:01
Function : Send DMX frameskip !
----------------------------------------------------------------------
Date 2022-07-03 - 20:02
Function : Send DMX frameskip !
----------------------------------------------------------------------
Date 2022-07-03 - 20:03
Function : Send DMX frameskip !
----------------------------------------------------------------------
Date 2022-07-03 - 20:04
Function : Send DMX frameskip !
----------------------------------------------------------------------
Date 2022-07-03 - 20:05
Function : Send DMX frameskip !
----------------------------------------------------------------------
Date 2022-07-03 - 20:06
Function : Send DMX frameskip !
----------------------------------------------------------------------
Date 2022-07-07 - 11:54
Function : Send DMX frameskip !
----------------------------------------------------------------------
Date 2022-07-24 - 11:18
Function : Send DMX frameskip !
----------------------------------------------------------------------
Date 2023-06-10 - 02:21
Function : Send DMX frameskip !
----------------------------------------------------------------------
Date 2023-06-10 - 08:33
Function : Send DMX frameskip !
----------------------------------------------------------------------
Date 2023-06-10 - 16:47
Function : Send DMX frameskip !
----------------------------------------------------------------------
Date 2023-06-11 - 01:18
Function : Send DMX frameskip !
----------------------------------------------------------------------
